1395729895996767000: R1 pushes U2
1395729895998819000: R2 pushes U3
1395729896000258000: R3 pushes D4
1395729896001262000: R4 pushes U2
1395729896002778000: R5 pushes D1
1395729896098101000: E1 on F1 closes
1395729896106723000: E1 moves up to floor 2
1395729896106720000: E2 on F1 closes
1395729896106978000: E1 on F2 opens
1395729896107023000: E2 moves up to floor 4
1395729896107256000: E2 on F4 opens
1395729896107528000: R4 enters E1 on F2
1395729896107835000: R4 pushes E1B5
1395729896108097000: R3 enters E2 on F4
1395729896108125000: R1 cannot enter E1 on F2 due to capacity
1395729896108419000: R3 pushes E2B1
1395729896209528000: E2 on F4 closes
1395729896209424000: R1 pushes U2
1395729896209430000: E1 on F2 closes
1395729896217811000: E2 moves down to floor 1
1395729896217866000: E1 moves up to floor 3
1395729896218055000: E2 on F1 opens
1395729896218095000: E1 on F3 opens
1395729896218346000: R2 cannot enter E1 on F3 due to capacity
1395729896218304000: R3 exits E2 on F1
1395729896218666000: R5 enters E2 on F1
1395729896218895000: R5 pushes E2B1
1395729896319548000: E2 on F1 closes
1395729896319547000: E1 on F3 closes
1395729896319802000: E2 moves down to floor 1
1395729896319815000: E1 moves up to floor 5
1395729896319928000: E2 on F1 opens
1395729896319540000: R2 pushes U3
1395729896319995000: E1 on F5 opens
1395729896320090000: R5 exits E2 on F1
1395729896320180000: R4 exits E1 on F5
1395729896420391000: E2 on F1 closes
1395729896420737000: E2 moves up to floor 3
1395729896420952000: E2 on F3 opens
1395729896421186000: R2 enters E2 on F3
1395729896421530000: R2 pushes E2B5
1395729896429231000: E1 on F5 closes
1395729896429493000: E1 moves down to floor 2
1395729896429720000: E1 on F2 opens
1395729896429977000: R1 enters E1 on F2
1395729896430229000: R1 pushes E1B6
1395729896521561000: E2 on F3 closes
1395729896521896000: E2 moves up to floor 5
1395729896522091000: E2 on F5 opens
1395729896522327000: R2 exits E2 on F5
1395729896530423000: E1 on F2 closes
1395729896530845000: E1 moves up to floor 6
1395729896531110000: E1 on F6 opens
1395729896531393000: R1 exits E1 on F6
1395729896532050000: R1 pushes D6
1395729896632444000: E1 on F6 closes
1395729896640590000: E1 moves down to floor 6
1395729896641018000: E1 on F6 opens
1395729896641339000: R1 enters E1 on F6
1395729896641667000: R1 pushes E1B3
1395729896742788000: E1 on F6 closes
1395729896751302000: E1 moves down to floor 3
1395729896751784000: E1 on F3 opens
1395729896752103000: R1 exits E1 on F3
