1395726612161072000: R1 pushes U2
1395726612161319000: R2 pushes U3
1395726612173128000: R3 pushes D4
1395726612173939000: R4 pushes U2
1395726612174973000: R5 pushes D1
1395726613164077000: E1 on F1 closes
1395726613164563000: E1 moves up to floor 2
1395726613164771000: E1 on F2 opens
1395726613165060000: R4 enters E1 on F2
1395726613165701000: R4 pushes E1B5
1395726613165972000: R1 cannot enter E1 on F2 due to capacity
1395726613167355000: E1 on F2 closes
1395726613167545000: E1 moves up to floor 3
1395726613167756000: E1 on F3 opens
1395726613168026000: R2 cannot enter E1 on F3 due to capacity
1395726613169402000: E1 on F3 closes
1395726613169471000: R1 pushes U2
1395726613169661000: E1 moves up to floor 5
1395726613169928000: E1 on F5 opens
1395726613170145000: R4 exits E1 on F5
1395726613171616000: R2 pushes U3
1395726613175009000: E2 on F1 closes
1395726613175293000: E2 moves up to floor 2
1395726613175512000: E2 on F2 opens
1395726613175793000: R1 enters E2 on F2
1395726613176124000: R1 pushes E2B6
1395726613177459000: E2 on F2 closes
1395726613177659000: E2 moves up to floor 3
1395726613178026000: E2 on F3 opens
1395726613178282000: R2 cannot enter E2 on F3 due to capacity
1395726613179600000: E2 on F3 closes
1395726613179843000: E2 moves up to floor 4
1395726613180140000: E2 on F4 opens
1395726613180533000: R3 cannot enter E2 on F4 due to capacity
1395726613181694000: R2 pushes U3
1395726613182111000: E2 on F4 closes
1395726613182432000: E2 moves up to floor 6
1395726613182653000: E2 on F6 opens
1395726613182820000: E1 on F5 closes
1395726613183000000: E1 moves down to floor 3
1395726613183223000: E1 on F3 opens
1395726613183465000: R2 enters E1 on F3
1395726613183738000: R2 pushes E1B5
1395726613182918000: R1 exits E2 on F6
1395726613184563000: R1 pushes D6
1395726613184967000: R3 pushes D4
1395726613185189000: R1 enters E2 on F6
1395726613185467000: R1 pushes E2B3
1395726613186059000: E1 on F3 closes
1395726613186378000: E1 moves up to floor 4
1395726613186849000: E1 on F4 opens
1395726613186800000: E2 on F6 closes
1395726613187070000: R3 cannot enter E1 on F4 due to capacity
1395726613187086000: E2 moves down to floor 3
1395726613187337000: E2 on F3 opens
1395726613187628000: R1 exits E2 on F3
1395726613189385000: E1 on F4 closes
1395726613189617000: E1 moves up to floor 5
1395726613189840000: E1 on F5 opens
1395726613190021000: E2 on F3 closes
1395726613190069000: R2 exits E1 on F5
1395726613190205000: E2 moves down to floor 1
1395726613190398000: E2 on F1 opens
1395726613190612000: R5 enters E2 on F1
1395726613190857000: R5 pushes E2B1
1395726613190916000: R3 pushes D4
1395726613191729000: E1 on F5 closes
1395726613191934000: E1 moves down to floor 4
1395726613192113000: E1 on F4 opens
1395726613192174000: E2 on F1 closes
1395726613192279000: R3 enters E1 on F4
1395726613192336000: E2 moves up to floor 6
1395726613192461000: R3 pushes E1B1
1395726613192511000: E2 on F6 opens
1395726613193751000: E1 on F4 closes
1395726613193893000: E2 on F6 closes
1395726613193944000: E1 moves down to floor 1
1395726613194095000: E2 moves down to floor 1
1395726613194134000: E1 on F1 opens
1395726613194281000: E2 on F1 opens
1395726613194350000: R3 exits E1 on F1
1395726613194472000: R5 exits E2 on F1
